app/build/outputs/logs/manifest-merger-release-report.txt
-- Merging decision tree log ---
manifest
ADDED from src/main/AndroidManifest.xml:2:1-176:12
INJECTED from src/main/AndroidManifest.xml:2:1-176:12
INJECTED from src/main/AndroidManifest.xml:2:1-176:12
INJECTED from src/main/AndroidManifest.xml:2:1-176:12
MERGED from [com.android.databinding:adapters:3.2.1] AndroidManifest.xml:17:1-24:12
MERGED from [com.android.databinding:library:3.2.1] AndroidManifest.xml:17:1-24:12
MERGED from [:aFileChooser] AndroidManifest.xml:17:1-24:12
MERGED from [com.android.support:design:28.0.0] AndroidManifest.xml:17:1-24:12
MERGED from [com.pavelsikun:material-seekbar-preference:2.3.0] AndroidManifest.xml:2:1-12:12
MERGED from [com.android.support:preference-v7:28.0.0] AndroidManifest.xml:17:1-22:12
MERGED from [com.android.support:appcompat-v7:28.0.0] AndroidManifest.xml:17:1-22:12
MERGED from [com.google.android.gms:play-services-plus:10.2.1] AndroidManifest.xml:16:1-19:12
MERGED from [com.google.android.gms:play-services-base:10.2.1] AndroidManifest.xml:16:1-21:12
MERGED from [com.google.android.gms:play-services-tasks:10.2.1] AndroidManifest.xml:2:1-5:12
MERGED from [com.google.android.gms:play-services-basement:10.2.1] AndroidManifest.xml:16:1-23:12
MERGED from [com.android.support:support-v4:28.0.0] AndroidManifest.xml:17:1-22:12
MERGED from [com.jakewharton.threetenabp:threetenabp:1.0.5] AndroidManifest.xml:2:1-10:12
MERGED from [com.android.support:recyclerview-v7:28.0.0] AndroidManifest.xml:17:1-22:12
MERGED from [com.android.support:cardview-v7:28.0.0] AndroidManifest.xml:17:1-22:12
MERGED from [androidx.constraintlayout:constraintlayout:1.1.2] AndroidManifest.xml:2:1-11:12
MERGED from [com.android.support:support-fragment:28.0.0] AndroidManifest.xml:17:1-22:12
MERGED from [com.android.support:animated-vector-drawable:28.0.0] AndroidManifest.xml:17:1-22:12
MERGED from [com.android.support:support-core-ui:28.0.0] AndroidManifest.xml:17:1-22:12
MERGED from [com.android.support:transition:28.0.0] AndroidManifest.xml:17:1-22:12
MERGED from [com.android.support:support-core-utils:28.0.0] AndroidManifest.xml:17:1-22:12
MERGED from [com.android.support:loader:28.0.0] AndroidManifest.xml:17:1-22:12
MERGED from [com.android.support:viewpager:28.0.0] AndroidManifest.xml:17:1-22:12
MERGED from [com.android.support:coordinatorlayout:28.0.0] AndroidManifest.xml:17:1-22:12
MERGED from [com.android.support:drawerlayout:28.0.0] AndroidManifest.xml:17:1-22:12
MERGED from [com.android.support:slidingpanelayout:28.0.0] AndroidManifest.xml:17:1-22:12
MERGED from [com.android.support:customview:28.0.0] AndroidManifest.xml:17:1-22:12
MERGED from [com.android.support:swiperefreshlayout:28.0.0] AndroidManifest.xml:17:1-22:12
MERGED from [com.android.support:asynclayoutinflater:28.0.0] AndroidManifest.xml:17:1-22:12
MERGED from [com.android.support:support-vector-drawable:28.0.0] AndroidManifest.xml:17:1-22:12
MERGED from [com.android.support:support-media-compat:28.0.0] AndroidManifest.xml:17:1-22:12
MERGED from [com.android.support:support-compat:28.0.0] AndroidManifest.xml:17:1-24:12
MERGED from [com.android.support:versionedparcelable:28.0.0] AndroidManifest.xml:17:1-25:12
MERGED from [android.arch.lifecycle:viewmodel:1.1.1] AndroidManifest.xml:17:1-22:12
MERGED from [com.android.support:interpolator:28.0.0] AndroidManifest.xml:17:1-22:12
MERGED from [com.android.support:cursoradapter:28.0.0] AndroidManifest.xml:17:1-22:12
MERGED from [android.arch.lifecycle:livedata:1.1.1] AndroidManifest.xml:17:1-22:12
MERGED from [android.arch.lifecycle:livedata-core:1.1.1] AndroidManifest.xml:17:1-22:12
MERGED from [android.arch.lifecycle:runtime:1.1.1] AndroidManifest.xml:17:1-22:12
MERGED from [android.arch.core:runtime:1.1.1] AndroidManifest.xml:17:1-22:12
MERGED from [com.android.support:documentfile:28.0.0] AndroidManifest.xml:17:1-22:12
MERGED from [com.android.support:localbroadcastmanager:28.0.0] AndroidManifest.xml:17:1-22:12
MERGED from [com.android.support:print:28.0.0] AndroidManifest.xml:17:1-22:12
INJECTED from src/main/AndroidManifest.xml:2:1-176:12
INJECTED from src/main/AndroidManifest.xml:2:1-176:12
INJECTED from src/main/AndroidManifest.xml:2:1-176:12
	package
		ADDED from src/main/AndroidManifest.xml:3:11-50
		INJECTED from src/main/AndroidManifest.xml
		INJECTED from src/main/AndroidManifest.xml
	android:versionName
		INJECTED from src/main/AndroidManifest.xml
		ADDED from src/main/AndroidManifest.xml:2:1-176:12
		INJECTED from src/main/AndroidManifest.xml
	android:versionCode
		INJECTED from src/main/AndroidManifest.xml
		ADDED from src/main/AndroidManifest.xml:2:1-176:12
		INJECTED from src/main/AndroidManifest.xml
	xmlns:android
		ADDED from src/main/AndroidManifest.xml:2:11-69
uses-permission#android.permission.WRITE_EXTERNAL_STORAGE
ADDED from src/main/AndroidManifest.xml:5:5-80
	android:name
		ADDED from src/main/AndroidManifest.xml:5:22-78
uses-permission#android.permission.READ_EXTERNAL_STORAGE
ADDED from src/main/AndroidManifest.xml:6:5-79
	android:name
		ADDED from src/main/AndroidManifest.xml:6:22-77
application
ADDED from src/main/AndroidManifest.xml:8:5-174:19
MERGED from [com.android.support:design:28.0.0] AndroidManifest.xml:22:5-20
MERGED from [com.android.support:design:28.0.0] AndroidManifest.xml:22:5-20
MERGED from [com.google.android.gms:play-services-plus:10.2.1] AndroidManifest.xml:18:5-19
MERGED from [com.google.android.gms:play-services-plus:10.2.1] AndroidManifest.xml:18:5-19
MERGED from [com.google.android.gms:play-services-base:10.2.1] AndroidManifest.xml:18:5-20:19
MERGED from [com.google.android.gms:play-services-base:10.2.1] AndroidManifest.xml:18:5-20:19
MERGED from [com.google.android.gms:play-services-tasks:10.2.1] AndroidManifest.xml:4:5-19
MERGED from [com.google.android.gms:play-services-tasks:10.2.1] AndroidManifest.xml:4:5-19
MERGED from [com.google.android.gms:play-services-basement:10.2.1] AndroidManifest.xml:19:5-21:19
MERGED from [com.google.android.gms:play-services-basement:10.2.1] AndroidManifest.xml:19:5-21:19
MERGED from [com.jakewharton.threetenabp:threetenabp:1.0.5] AndroidManifest.xml:8:5-20
MERGED from [com.jakewharton.threetenabp:threetenabp:1.0.5] AndroidManifest.xml:8:5-20
MERGED from [androidx.constraintlayout:constraintlayout:1.1.2] AndroidManifest.xml:9:5-20
MERGED from [androidx.constraintlayout:constraintlayout:1.1.2] AndroidManifest.xml:9:5-20
MERGED from [com.android.support:support-compat:28.0.0] AndroidManifest.xml:22:5-94
MERGED from [com.android.support:support-compat:28.0.0] AndroidManifest.xml:22:5-94
MERGED from [com.android.support:versionedparcelable:28.0.0] AndroidManifest.xml:22:5-23:19
MERGED from [com.android.support:versionedparcelable:28.0.0] AndroidManifest.xml:22:5-23:19
	android:appComponentFactory
		ADDED from [com.android.support:support-compat:28.0.0] AndroidManifest.xml:22:18-91
	android:supportsRtl
		ADDED from src/main/AndroidManifest.xml:14:9-35
	android:label
		ADDED from src/main/AndroidManifest.xml:12:9-41
	android:roundIcon
		ADDED from src/main/AndroidManifest.xml:13:9-57
	android:icon
		ADDED from src/main/AndroidManifest.xml:11:9-53
	android:allowBackup
		ADDED from src/main/AndroidManifest.xml:10:9-35
	android:theme
		ADDED from src/main/AndroidManifest.xml:15:9-40
	android:name
		ADDED from src/main/AndroidManifest.xml:9:9-69
activity#com.ipaulpro.afilechooser.FileChooserActivity
ADDED from src/main/AndroidManifest.xml:16:9-30:20
	android:enabled
		ADDED from src/main/AndroidManifest.xml:18:13-49
	android:label
		ADDED from src/main/AndroidManifest.xml:21:13-48
	android:exported
		ADDED from src/main/AndroidManifest.xml:19:13-36
	android:icon
		ADDED from src/main/AndroidManifest.xml:20:13-48
	android:name
		ADDED from src/main/AndroidManifest.xml:17:13-73
intent-filter#action:name:android.intent.action.GET_CONTENT+category:name:android.intent.category.DEFAULT+category:name:android.intent.category.OPENABLE+data:mimeType:*/*
ADDED from src/main/AndroidManifest.xml:22:13-29:29
action#android.intent.action.GET_CONTENT
ADDED from src/main/AndroidManifest.xml:23:17-75
	android:name
		ADDED from src/main/AndroidManifest.xml:23:25-73
category#android.intent.category.DEFAULT
ADDED from src/main/AndroidManifest.xml:25:17-75
	android:name
		ADDED from src/main/AndroidManifest.xml:25:27-73
category#android.intent.category.OPENABLE
ADDED from src/main/AndroidManifest.xml:26:17-76
	android:name
		ADDED from src/main/AndroidManifest.xml:26:27-74
data
ADDED from src/main/AndroidManifest.xml:28:17-47
	android:mimeType
		ADDED from src/main/AndroidManifest.xml:28:23-45
activity#com.johanlund.screens.main.DrawerActivity
ADDED from src/main/AndroidManifest.xml:31:9-40:20
	android:label
		ADDED from src/main/AndroidManifest.xml:33:13-58
	android:theme
		ADDED from src/main/AndroidManifest.xml:34:13-56
	android:name
		ADDED from src/main/AndroidManifest.xml:32:13-69
intent-filter#action:name:android.intent.action.MAIN+category:name:android.intent.category.LAUNCHER
ADDED from src/main/AndroidManifest.xml:35:13-39:29
action#android.intent.action.MAIN
ADDED from src/main/AndroidManifest.xml:36:17-68
	android:name
		ADDED from src/main/AndroidManifest.xml:36:25-66
category#android.intent.category.LAUNCHER
ADDED from src/main/AndroidManifest.xml:38:17-76
	android:name
		ADDED from src/main/AndroidManifest.xml:38:27-74
activity#com.johanlund.screens.event_activities.mvc_controllers.NewEventActivity
ADDED from src/main/AndroidManifest.xml:41:9-42:20
	android:name
		ADDED from src/main/AndroidManifest.xml:41:19-105
activity#com.johanlund.screens.event_activities.mvc_controllers.ChangeEventActivity
ADDED from src/main/AndroidManifest.xml:43:9-44:20
	android:name
		ADDED from src/main/AndroidManifest.xml:43:19-108
activity#com.johanlund.screens.event_activities.mvc_controllers.ChangeEventInsideEtActivity
ADDED from src/main/AndroidManifest.xml:45:9-46:20
	android:name
		ADDED from src/main/AndroidManifest.xml:45:19-116
activity#com.johanlund.screens.tag_adder.TagAdderActivity
ADDED from src/main/AndroidManifest.xml:47:9-84
	android:name
		ADDED from src/main/AndroidManifest.xml:47:19-82
activity#com.johanlund.screens.events_templates_actions.mvc_controller.NewEventsTemplateActivity
ADDED from src/main/AndroidManifest.xml:49:9-52:20
	android:windowSoftInputMode
		ADDED from src/main/AndroidManifest.xml:51:13-52
	android:name
		ADDED from src/main/AndroidManifest.xml:50:13-115
activity#com.johanlund.screens.events_templates_actions.mvc_controller.EditEventsTemplateActivity
ADDED from src/main/AndroidManifest.xml:53:9-56:20
	android:windowSoftInputMode
		ADDED from src/main/AndroidManifest.xml:55:13-52
	android:name
		ADDED from src/main/AndroidManifest.xml:54:13-116
activity#com.johanlund.screens.events_templates_actions.mvc_controller.LoadEventsTemplateActivity
ADDED from src/main/AndroidManifest.xml:57:9-60:20
	android:windowSoftInputMode
		ADDED from src/main/AndroidManifest.xml:59:13-52
	android:name
		ADDED from src/main/AndroidManifest.xml:58:13-116
service#com.johanlund.external_storage.SaveDBIntentService
ADDED from src/main/AndroidManifest.xml:62:9-65:19
	android:exported
		ADDED from src/main/AndroidManifest.xml:64:13-37
	android:name
		ADDED from src/main/AndroidManifest.xml:63:13-78
activity#com.johanlund.screens.tag_type.TagTypeAdderActivity
ADDED from src/main/AndroidManifest.xml:67:9-73:20
	android:parentActivityName
		ADDED from src/main/AndroidManifest.xml:69:13-90
	android:name
		ADDED from src/main/AndroidManifest.xml:68:13-79
meta-data#android.support.PARENT_ACTIVITY
ADDED from src/main/AndroidManifest.xml:70:13-72:83
	android:value
		ADDED from src/main/AndroidManifest.xml:72:17-81
	android:name
		ADDED from src/main/AndroidManifest.xml:71:17-63
activity#com.johanlund.screens.tag_type.TagTypeEditActivity
ADDED from src/main/AndroidManifest.xml:74:9-75:20
	android:name
		ADDED from src/main/AndroidManifest.xml:74:19-84
activity#com.johanlund.screens.settings.StatSettingsActivity
ADDED from src/main/AndroidManifest.xml:76:9-77:20
	android:name
		ADDED from src/main/AndroidManifest.xml:76:19-85
activity#com.johanlund.screens.settings.GeneralSettingsActivity
ADDED from src/main/AndroidManifest.xml:78:9-79:20
	android:name
		ADDED from src/main/AndroidManifest.xml:78:19-88
activity#com.johanlund.screens.statistics.avg_stat.rating.RatingAvgStatActivity
ADDED from src/main/AndroidManifest.xml:80:9-86:20
	android:parentActivityName
		ADDED from src/main/AndroidManifest.xml:82:13-83
	android:name
		ADDED from src/main/AndroidManifest.xml:81:13-98
activity#com.johanlund.screens.statistics.avg_stat.complete.CompleteAvgStatActivity
ADDED from src/main/AndroidManifest.xml:87:9-93:20
	android:parentActivityName
		ADDED from src/main/AndroidManifest.xml:89:13-83
	android:name
		ADDED from src/main/AndroidManifest.xml:88:13-102
activity#com.johanlund.screens.statistics.avg_stat.bristol.BristolAvgStatActivity
ADDED from src/main/AndroidManifest.xml:94:9-100:20
	android:parentActivityName
		ADDED from src/main/AndroidManifest.xml:96:13-83
	android:name
		ADDED from src/main/AndroidManifest.xml:95:13-100
activity#com.johanlund.screens.statistics.time.RatingTimeStatActivity
ADDED from src/main/AndroidManifest.xml:101:9-107:20
	android:parentActivityName
		ADDED from src/main/AndroidManifest.xml:103:13-83
	android:name
		ADDED from src/main/AndroidManifest.xml:102:13-88
activity#com.johanlund.screens.statistics.time.CompleteTimeStatActivity
ADDED from src/main/AndroidManifest.xml:108:9-114:20
	android:parentActivityName
		ADDED from src/main/AndroidManifest.xml:110:13-83
	android:name
		ADDED from src/main/AndroidManifest.xml:109:13-90
activity#com.johanlund.screens.statistics.time.BristolTimeStatActivity
ADDED from src/main/AndroidManifest.xml:115:9-121:20
	android:parentActivityName
		ADDED from src/main/AndroidManifest.xml:117:13-83
	android:name
		ADDED from src/main/AndroidManifest.xml:116:13-89
activity#com.johanlund.screens.statistics.portions_settings.PortionStatSettingsActivity
ADDED from src/main/AndroidManifest.xml:122:9-129:20
	android:parentActivityName
		ADDED from src/main/AndroidManifest.xml:125:13-83
	android:label
		ADDED from src/main/AndroidManifest.xml:124:13-50
	android:name
		ADDED from src/main/AndroidManifest.xml:123:13-106
activity#com.johanlund.screens.statistics.portions_settings.NewPortionRangeActivity
ADDED from src/main/AndroidManifest.xml:130:9-136:20
	android:parentActivityName
		ADDED from src/main/AndroidManifest.xml:132:13-120
	android:name
		ADDED from src/main/AndroidManifest.xml:131:13-102
activity#com.johanlund.screens.statistics_settings.AvgRatingSettingsActivity
ADDED from src/main/AndroidManifest.xml:137:9-138:20
	android:name
		ADDED from src/main/AndroidManifest.xml:137:19-101
activity#com.johanlund.screens.statistics_settings.AvgBmSettingsActivity
ADDED from src/main/AndroidManifest.xml:139:9-140:20
	android:name
		ADDED from src/main/AndroidManifest.xml:139:19-97
activity#com.johanlund.screens.statistics_settings.TimeRatingSettingsActivity
ADDED from src/main/AndroidManifest.xml:141:9-142:20
	android:name
		ADDED from src/main/AndroidManifest.xml:141:19-102
activity#com.johanlund.screens.statistics_settings.TimeCompleteSettingsActivity
ADDED from src/main/AndroidManifest.xml:143:9-144:20
	android:name
		ADDED from src/main/AndroidManifest.xml:143:19-104
activity#com.johanlund.screens.statistics_settings.TimeBristolSettingsActivity
ADDED from src/main/AndroidManifest.xml:145:9-146:20
	android:name
		ADDED from src/main/AndroidManifest.xml:145:19-103
activity#com.johanlund.screens.info.InfoActivity
ADDED from src/main/AndroidManifest.xml:147:9-148:20
	android:name
		ADDED from src/main/AndroidManifest.xml:147:19-73
activity#com.johanlund.screens.about.AboutActivity
ADDED from src/main/AndroidManifest.xml:149:9-155:20
	android:parentActivityName
		ADDED from src/main/AndroidManifest.xml:151:13-83
	android:name
		ADDED from src/main/AndroidManifest.xml:150:13-69
activity#com.johanlund.screens.info.ActivityInfoContent
ADDED from src/main/AndroidManifest.xml:156:9-157:20
	android:name
		ADDED from src/main/AndroidManifest.xml:156:19-80
activity#com.johanlund.screens.statistics.portions_settings.PortionStatSettingsMoreActivity
ADDED from src/main/AndroidManifest.xml:158:9-159:20
	android:name
		ADDED from src/main/AndroidManifest.xml:158:19-116
activity#com.johanlund.screens.statistics.portions.RatingPortionStatActivity
ADDED from src/main/AndroidManifest.xml:160:9-166:20
	android:parentActivityName
		ADDED from src/main/AndroidManifest.xml:162:13-83
	android:name
		ADDED from src/main/AndroidManifest.xml:161:13-95
activity#com.johanlund.screens.statistics.avg_stat.delta.DeltaAvgStatActivity
ADDED from src/main/AndroidManifest.xml:167:9-173:20
	android:parentActivityName
		ADDED from src/main/AndroidManifest.xml:169:13-83
	android:name
		ADDED from src/main/AndroidManifest.xml:168:13-96
uses-sdk
INJECTED from src/main/AndroidManifest.xml reason: use-sdk injection requested
INJECTED from src/main/AndroidManifest.xml
INJECTED from src/main/AndroidManifest.xml
MERGED from [com.android.databinding:adapters:3.2.1] AndroidManifest.xml:22:5-44
MERGED from [com.android.databinding:adapters:3.2.1] AndroidManifest.xml:22:5-44
MERGED from [com.android.databinding:library:3.2.1] AndroidManifest.xml:22:5-44
MERGED from [com.android.databinding:library:3.2.1] AndroidManifest.xml:22:5-44
MERGED from [:aFileChooser] AndroidManifest.xml:20:5-22:41
MERGED from [:aFileChooser] AndroidManifest.xml:20:5-22:41
MERGED from [com.android.support:design:28.0.0] AndroidManifest.xml:20:5-44
MERGED from [com.android.support:design:28.0.0] AndroidManifest.xml:20:5-44
MERGED from [com.pavelsikun:material-seekbar-preference:2.3.0] AndroidManifest.xml:8:5-10:41
MERGED from [com.pavelsikun:material-seekbar-preference:2.3.0] AndroidManifest.xml:8:5-10:41
MERGED from [com.android.support:preference-v7:28.0.0] AndroidManifest.xml:20:5-44
MERGED from [com.android.support:preference-v7:28.0.0] AndroidManifest.xml:20:5-44
MERGED from [com.android.support:appcompat-v7:28.0.0] AndroidManifest.xml:20:5-44
MERGED from [com.android.support:appcompat-v7:28.0.0] AndroidManifest.xml:20:5-44
MERGED from [com.google.android.gms:play-services-plus:10.2.1] AndroidManifest.xml:17:5-43
MERGED from [com.google.android.gms:play-services-plus:10.2.1] AndroidManifest.xml:17:5-43
MERGED from [com.google.android.gms:play-services-base:10.2.1] AndroidManifest.xml:17:5-43
MERGED from [com.google.android.gms:play-services-base:10.2.1] AndroidManifest.xml:17:5-43
MERGED from [com.google.android.gms:play-services-tasks:10.2.1] AndroidManifest.xml:3:5-43
MERGED from [com.google.android.gms:play-services-tasks:10.2.1] AndroidManifest.xml:3:5-43
MERGED from [com.google.android.gms:play-services-basement:10.2.1] AndroidManifest.xml:17:5-43
MERGED from [com.google.android.gms:play-services-basement:10.2.1] AndroidManifest.xml:17:5-43
MERGED from [com.android.support:support-v4:28.0.0] AndroidManifest.xml:20:5-44
MERGED from [com.android.support:support-v4:28.0.0] AndroidManifest.xml:20:5-44
MERGED from [com.jakewharton.threetenabp:threetenabp:1.0.5] AndroidManifest.xml:6:5-44
MERGED from [com.jakewharton.threetenabp:threetenabp:1.0.5] AndroidManifest.xml:6:5-44
MERGED from [com.android.support:recyclerview-v7:28.0.0] AndroidManifest.xml:20:5-44
MERGED from [com.android.support:recyclerview-v7:28.0.0] AndroidManifest.xml:20:5-44
MERGED from [com.android.support:cardview-v7:28.0.0] AndroidManifest.xml:20:5-44
MERGED from [com.android.support:cardview-v7:28.0.0] AndroidManifest.xml:20:5-44
MERGED from [androidx.constraintlayout:constraintlayout:1.1.2] AndroidManifest.xml:5:5-7:41
MERGED from [androidx.constraintlayout:constraintlayout:1.1.2] AndroidManifest.xml:5:5-7:41
MERGED from [com.android.support:support-fragment:28.0.0] AndroidManifest.xml:20:5-44
MERGED from [com.android.support:support-fragment:28.0.0] AndroidManifest.xml:20:5-44
MERGED from [com.android.support:animated-vector-drawable:28.0.0] AndroidManifest.xml:20:5-44
MERGED from [com.android.support:animated-vector-drawable:28.0.0] AndroidManifest.xml:20:5-44
MERGED from [com.android.support:support-core-ui:28.0.0] AndroidManifest.xml:20:5-44
MERGED from [com.android.support:support-core-ui:28.0.0] AndroidManifest.xml:20:5-44
MERGED from [com.android.support:transition:28.0.0] AndroidManifest.xml:20:5-44
MERGED from [com.android.support:transition:28.0.0] AndroidManifest.xml:20:5-44
MERGED from [com.android.support:support-core-utils:28.0.0] AndroidManifest.xml:20:5-44
MERGED from [com.android.support:support-core-utils:28.0.0] AndroidManifest.xml:20:5-44
MERGED from [com.android.support:loader:28.0.0] AndroidManifest.xml:20:5-44
MERGED from [com.android.support:loader:28.0.0] AndroidManifest.xml:20:5-44
MERGED from [com.android.support:viewpager:28.0.0] AndroidManifest.xml:20:5-44
MERGED from [com.android.support:viewpager:28.0.0] AndroidManifest.xml:20:5-44
MERGED from [com.android.support:coordinatorlayout:28.0.0] AndroidManifest.xml:20:5-44
MERGED from [com.android.support:coordinatorlayout:28.0.0] AndroidManifest.xml:20:5-44
MERGED from [com.android.support:drawerlayout:28.0.0] AndroidManifest.xml:20:5-44
MERGED from [com.android.support:drawerlayout:28.0.0] AndroidManifest.xml:20:5-44
MERGED from [com.android.support:slidingpanelayout:28.0.0] AndroidManifest.xml:20:5-44
MERGED from [com.android.support:slidingpanelayout:28.0.0] AndroidManifest.xml:20:5-44
MERGED from [com.android.support:customview:28.0.0] AndroidManifest.xml:20:5-44
MERGED from [com.android.support:customview:28.0.0] AndroidManifest.xml:20:5-44
MERGED from [com.android.support:swiperefreshlayout:28.0.0] AndroidManifest.xml:20:5-44
MERGED from [com.android.support:swiperefreshlayout:28.0.0] AndroidManifest.xml:20:5-44
MERGED from [com.android.support:asynclayoutinflater:28.0.0] AndroidManifest.xml:20:5-44
MERGED from [com.android.support:asynclayoutinflater:28.0.0] AndroidManifest.xml:20:5-44
MERGED from [com.android.support:support-vector-drawable:28.0.0] AndroidManifest.xml:20:5-44
MERGED from [com.android.support:support-vector-drawable:28.0.0] AndroidManifest.xml:20:5-44
MERGED from [com.android.support:support-media-compat:28.0.0] AndroidManifest.xml:20:5-44
MERGED from [com.android.support:support-media-compat:28.0.0] AndroidManifest.xml:20:5-44
MERGED from [com.android.support:support-compat:28.0.0] AndroidManifest.xml:20:5-44
MERGED from [com.android.support:support-compat:28.0.0] AndroidManifest.xml:20:5-44
MERGED from [com.android.support:versionedparcelable:28.0.0] AndroidManifest.xml:20:5-44
MERGED from [com.android.support:versionedparcelable:28.0.0] AndroidManifest.xml:20:5-44
MERGED from [android.arch.lifecycle:viewmodel:1.1.1] AndroidManifest.xml:20:5-44
MERGED from [android.arch.lifecycle:viewmodel:1.1.1] AndroidManifest.xml:20:5-44
MERGED from [com.android.support:interpolator:28.0.0] AndroidManifest.xml:20:5-44
MERGED from [com.android.support:interpolator:28.0.0] AndroidManifest.xml:20:5-44
MERGED from [com.android.support:cursoradapter:28.0.0] AndroidManifest.xml:20:5-44
MERGED from [com.android.support:cursoradapter:28.0.0] AndroidManifest.xml:20:5-44
MERGED from [android.arch.lifecycle:livedata:1.1.1] AndroidManifest.xml:20:5-44
MERGED from [android.arch.lifecycle:livedata:1.1.1] AndroidManifest.xml:20:5-44
MERGED from [android.arch.lifecycle:livedata-core:1.1.1] AndroidManifest.xml:20:5-44
MERGED from [android.arch.lifecycle:livedata-core:1.1.1] AndroidManifest.xml:20:5-44
MERGED from [android.arch.lifecycle:runtime:1.1.1] AndroidManifest.xml:20:5-44
MERGED from [android.arch.lifecycle:runtime:1.1.1] AndroidManifest.xml:20:5-44
MERGED from [android.arch.core:runtime:1.1.1] AndroidManifest.xml:20:5-44
MERGED from [android.arch.core:runtime:1.1.1] AndroidManifest.xml:20:5-44
MERGED from [com.android.support:documentfile:28.0.0] AndroidManifest.xml:20:5-44
MERGED from [com.android.support:documentfile:28.0.0] AndroidManifest.xml:20:5-44
MERGED from [com.android.support:localbroadcastmanager:28.0.0] AndroidManifest.xml:20:5-44
MERGED from [com.android.support:localbroadcastmanager:28.0.0] AndroidManifest.xml:20:5-44
MERGED from [com.android.support:print:28.0.0] AndroidManifest.xml:20:5-44
MERGED from [com.android.support:print:28.0.0] AndroidManifest.xml:20:5-44
INJECTED from src/main/AndroidManifest.xml
INJECTED from src/main/AndroidManifest.xml
	android:targetSdkVersion
		INJECTED from src/main/AndroidManifest.xml
		ADDED from src/main/AndroidManifest.xml
		INJECTED from src/main/AndroidManifest.xml
	android:minSdkVersion
		INJECTED from src/main/AndroidManifest.xml
		ADDED from src/main/AndroidManifest.xml
		INJECTED from src/main/AndroidManifest.xml
activity#com.google.android.gms.common.api.GoogleApiActivity
ADDED from [com.google.android.gms:play-services-base:10.2.1] AndroidManifest.xml:19:9-172
	android:exported
		ADDED from [com.google.android.gms:play-services-base:10.2.1] AndroidManifest.xml:19:146-170
	android:theme
		ADDED from [com.google.android.gms:play-services-base:10.2.1] AndroidManifest.xml:19:86-145
	android:name
		ADDED from [com.google.android.gms:play-services-base:10.2.1] AndroidManifest.xml:19:19-85
meta-data#com.google.android.gms.version
ADDED from [com.google.android.gms:play-services-basement:10.2.1] AndroidManifest.xml:20:9-121
	android:value
		ADDED from [com.google.android.gms:play-services-basement:10.2.1] AndroidManifest.xml:20:66-119
	android:name
		ADDED from [com.google.android.gms:play-services-basement:10.2.1] AndroidManifest.xml:20:20-65